[27-Jan-2021 07:03:22 UTC] PHP Notice:  Undefined index: HTTP_TOKEN in C:\wamp64\www\vyog\api\add_post.php on line 19
[27-Jan-2021 07:03:22 UTC] PHP Stack trace:
[27-Jan-2021 07:03:22 UTC] PHP   1. {main}() C:\wamp64\www\vyog\api\add_post.php:0
[27-Jan-2021 07:03:22 UTC] PHP Fatal error:  Uncaught Error: Class 'Helper' not found in C:\wamp64\www\vyog\api\add_post.php:20
Stack trace:
#0 {main}
  thrown in C:\wamp64\www\vyog\api\add_post.php on line 20
[27-Jan-2021 07:06:39 UTC] PHP Fatal error:  Uncaught Error: Class 'Helper' not found in C:\wamp64\www\vyog\api\add_post.php:20
Stack trace:
#0 {main}
  thrown in C:\wamp64\www\vyog\api\add_post.php on line 20
[27-Jan-2021 07:07:25 UTC] PHP Fatal error:  Uncaught Error: Class 'ModelUsers' not found in C:\wamp64\www\vyog\api\Helper.php:12
Stack trace:
#0 C:\wamp64\www\vyog\api\add_post.php(23): Helper->verifyToken('4cp6dlkevpk345e...')
#1 {main}
  thrown in C:\wamp64\www\vyog\api\Helper.php on line 12
[27-Jan-2021 07:08:00 UTC] PHP Notice:  Undefined variable: db in C:\wamp64\www\vyog\api\ModelPost.php on line 15
[27-Jan-2021 07:08:00 UTC] PHP Stack trace:
[27-Jan-2021 07:08:00 UTC] PHP   1. {main}() C:\wamp64\www\vyog\api\add_post.php:0
[27-Jan-2021 07:08:00 UTC] PHP   2. ModelPost->createPost() C:\wamp64\www\vyog\api\add_post.php:35
[27-Jan-2021 07:08:00 UTC] PHP Fatal error:  Uncaught Error: Call to a member function prepare() on null in C:\wamp64\www\vyog\api\ModelPost.php:15
Stack trace:
#0 C:\wamp64\www\vyog\api\add_post.php(35): ModelPost->createPost('a', 'a', 9, '2021-01-27 07:0...')
#1 {main}
  thrown in C:\wamp64\www\vyog\api\ModelPost.php on line 15
[27-Jan-2021 07:08:22 UTC] PHP Fatal error:  Uncaught PDOException: SQLSTATE[42S02]: Base table or view not found: 1146 Table 'vyog.post' doesn't exist in C:\wamp64\www\vyog\api\ModelPost.php:15
Stack trace:
#0 C:\wamp64\www\vyog\api\ModelPost.php(15): PDO->prepare('INSERT INTO pos...')
#1 C:\wamp64\www\vyog\api\add_post.php(35): ModelPost->createPost('a', 'a', 9, '2021-01-27 07:0...')
#2 {main}
  thrown in C:\wamp64\www\vyog\api\ModelPost.php on line 15
[27-Jan-2021 07:08:47 UTC] PHP Fatal error:  Uncaught PDOException: SQLSTATE[HY000]: General error: 1364 Field 'id' doesn't have a default value in C:\wamp64\www\vyog\api\ModelPost.php:21
Stack trace:
#0 C:\wamp64\www\vyog\api\ModelPost.php(21): PDOStatement->execute()
#1 C:\wamp64\www\vyog\api\add_post.php(35): ModelPost->createPost('a', 'a', 9, '2021-01-27 07:0...')
#2 {main}
  thrown in C:\wamp64\www\vyog\api\ModelPost.php on line 21
[27-Jan-2021 12:03:45 UTC] PHP Notice:  Undefined index: title in C:\wamp64\www\vyog\api\add_post.php on line 17
[27-Jan-2021 12:03:45 UTC] PHP Stack trace:
[27-Jan-2021 12:03:45 UTC] PHP   1. {main}() C:\wamp64\www\vyog\api\add_post.php:0
[27-Jan-2021 12:03:45 UTC] PHP Notice:  Undefined index: content in C:\wamp64\www\vyog\api\add_post.php on line 18
[27-Jan-2021 12:03:45 UTC] PHP Stack trace:
[27-Jan-2021 12:03:45 UTC] PHP   1. {main}() C:\wamp64\www\vyog\api\add_post.php:0
[27-Jan-2021 12:03:45 UTC] PHP Fatal error:  Uncaught PDOException: SQLSTATE[23000]: Integrity constraint violation: 1048 Column 'title' cannot be null in C:\wamp64\www\vyog\api\ModelPost.php:21
Stack trace:
#0 C:\wamp64\www\vyog\api\ModelPost.php(21): PDOStatement->execute()
#1 C:\wamp64\www\vyog\api\add_post.php(35): ModelPost->createPost(NULL, NULL, 9, '2021-01-27 12:0...')
#2 {main}
  thrown in C:\wamp64\www\vyog\api\ModelPost.php on line 21
[28-Jan-2021 13:17:05 UTC] PHP Notice:  Undefined index: id in C:\wamp64\www\vyog\api\add_post.php on line 17
[28-Jan-2021 13:17:05 UTC] PHP Stack trace:
[28-Jan-2021 13:17:05 UTC] PHP   1. {main}() C:\wamp64\www\vyog\api\add_post.php:0
[28-Jan-2021 13:17:05 UTC] PHP Notice:  Undefined index: title in C:\wamp64\www\vyog\api\add_post.php on line 18
[28-Jan-2021 13:17:05 UTC] PHP Stack trace:
[28-Jan-2021 13:17:05 UTC] PHP   1. {main}() C:\wamp64\www\vyog\api\add_post.php:0
[28-Jan-2021 13:17:05 UTC] PHP Fatal error:  Uncaught PDOException: SQLSTATE[23000]: Integrity constraint violation: 1048 Column 'title' cannot be null in C:\wamp64\www\vyog\api\ModelPost.php:21
Stack trace:
#0 C:\wamp64\www\vyog\api\ModelPost.php(21): PDOStatement->execute()
#1 C:\wamp64\www\vyog\api\add_post.php(54): ModelPost->createPost(NULL, 's', 9, '2021-01-28 13:1...')
#2 {main}
  thrown in C:\wamp64\www\vyog\api\ModelPost.php on line 21
[28-Jan-2021 13:17:11 UTC] PHP Notice:  Undefined index: id in C:\wamp64\www\vyog\api\add_post.php on line 17
[28-Jan-2021 13:17:11 UTC] PHP Stack trace:
[28-Jan-2021 13:17:11 UTC] PHP   1. {main}() C:\wamp64\www\vyog\api\add_post.php:0
[28-Jan-2021 13:17:11 UTC] PHP Notice:  Undefined index: title in C:\wamp64\www\vyog\api\add_post.php on line 18
[28-Jan-2021 13:17:11 UTC] PHP Stack trace:
[28-Jan-2021 13:17:11 UTC] PHP   1. {main}() C:\wamp64\www\vyog\api\add_post.php:0
[28-Jan-2021 13:17:11 UTC] PHP Fatal error:  Uncaught PDOException: SQLSTATE[23000]: Integrity constraint violation: 1048 Column 'title' cannot be null in C:\wamp64\www\vyog\api\ModelPost.php:21
Stack trace:
#0 C:\wamp64\www\vyog\api\ModelPost.php(21): PDOStatement->execute()
#1 C:\wamp64\www\vyog\api\add_post.php(54): ModelPost->createPost(NULL, 's', 9, '2021-01-28 13:1...')
#2 {main}
  thrown in C:\wamp64\www\vyog\api\ModelPost.php on line 21
[28-Jan-2021 13:17:36 UTC] PHP Notice:  Undefined index: title in C:\wamp64\www\vyog\api\add_post.php on line 18
[28-Jan-2021 13:17:36 UTC] PHP Stack trace:
[28-Jan-2021 13:17:36 UTC] PHP   1. {main}() C:\wamp64\www\vyog\api\add_post.php:0
[28-Jan-2021 13:17:36 UTC] PHP Fatal error:  Uncaught PDOException: SQLSTATE[23000]: Integrity constraint violation: 1048 Column 'title' cannot be null in C:\wamp64\www\vyog\api\ModelPost.php:21
Stack trace:
#0 C:\wamp64\www\vyog\api\ModelPost.php(21): PDOStatement->execute()
#1 C:\wamp64\www\vyog\api\add_post.php(54): ModelPost->createPost(NULL, 's', 9, '2021-01-28 13:1...')
#2 {main}
  thrown in C:\wamp64\www\vyog\api\ModelPost.php on line 21
