[27-Jan-2021 12:18:41 UTC] id: '1'
[27-Jan-2021 12:19:19 UTC] id: '1'
[27-Jan-2021 12:19:45 UTC] id: '1'
[27-Jan-2021 12:19:54 UTC] id: '1'
[27-Jan-2021 12:20:56 UTC] id: '1'
[27-Jan-2021 12:21:17 UTC] id: '1'
[27-Jan-2021 12:21:22 UTC] id: '1'
[27-Jan-2021 12:21:25 UTC] id: '1'
[27-Jan-2021 12:25:01 UTC] id: NULL
[27-Jan-2021 12:25:02 UTC] id: NULL
[27-Jan-2021 12:26:22 UTC] id: NULL
[27-Jan-2021 12:27:14 UTC] id: NULL
[27-Jan-2021 12:27:15 UTC] id: NULL
[27-Jan-2021 12:27:49 UTC] id: NULL
[27-Jan-2021 12:28:14 UTC] id: NULL
[27-Jan-2021 12:28:38 UTC] id: NULL
[27-Jan-2021 12:28:59 UTC] id: NULL
[27-Jan-2021 12:35:20 UTC] id: NULL
[27-Jan-2021 12:35:22 UTC] id: NULL
[27-Jan-2021 12:35:54 UTC] id: NULL
[27-Jan-2021 12:35:59 UTC] id: NULL
[27-Jan-2021 12:36:11 UTC] id: NULL
[27-Jan-2021 12:36:30 UTC] id: NULL
[27-Jan-2021 12:36:41 UTC] id: NULL
[27-Jan-2021 12:36:48 UTC] id: NULL
[27-Jan-2021 12:37:13 UTC] id: NULL
[27-Jan-2021 12:37:20 UTC] id: NULL
[27-Jan-2021 12:37:27 UTC] id: NULL
[27-Jan-2021 12:37:57 UTC] id: NULL
[27-Jan-2021 12:39:26 UTC] id: NULL
[27-Jan-2021 12:39:37 UTC] id: NULL
[27-Jan-2021 12:39:50 UTC] id: NULL
[27-Jan-2021 12:41:30 UTC] id: NULL
[27-Jan-2021 12:41:42 UTC] id: NULL
[27-Jan-2021 12:41:44 UTC] id: NULL
[27-Jan-2021 12:42:17 UTC] id: NULL
[27-Jan-2021 12:43:28 UTC] id: NULL
[27-Jan-2021 12:43:52 UTC] id: NULL
[27-Jan-2021 12:44:16 UTC] id: NULL
[27-Jan-2021 12:44:18 UTC] id: NULL
[27-Jan-2021 12:44:20 UTC] id: NULL
[27-Jan-2021 12:44:29 UTC] id: NULL
[27-Jan-2021 12:52:34 UTC] id: NULL
[27-Jan-2021 12:53:08 UTC] id: NULL
[27-Jan-2021 12:53:15 UTC] id: NULL
[27-Jan-2021 12:53:30 UTC] id: NULL
[27-Jan-2021 12:54:17 UTC] id: NULL
[27-Jan-2021 12:56:51 UTC] id: NULL
[28-Jan-2021 10:05:39 UTC] id: NULL
[28-Jan-2021 10:05:41 UTC] id: NULL
[28-Jan-2021 10:05:51 UTC] id: NULL
[28-Jan-2021 10:06:30 UTC] id: NULL
[28-Jan-2021 10:06:34 UTC] id: NULL
[28-Jan-2021 10:09:36 UTC] id: NULL
[28-Jan-2021 10:10:14 UTC] id: NULL
[28-Jan-2021 10:10:17 UTC] id: NULL
[28-Jan-2021 10:10:23 UTC] id: NULL
[28-Jan-2021 10:10:28 UTC] id: NULL
[28-Jan-2021 10:10:31 UTC] id: NULL
[28-Jan-2021 10:10:43 UTC] id: NULL
[28-Jan-2021 10:10:49 UTC] id: NULL
[28-Jan-2021 10:10:55 UTC] id: NULL
[28-Jan-2021 10:10:58 UTC] id: NULL
[28-Jan-2021 10:11:01 UTC] id: NULL
[28-Jan-2021 10:11:14 UTC] id: NULL
[28-Jan-2021 10:11:15 UTC] id: NULL
[28-Jan-2021 10:11:28 UTC] id: NULL
[28-Jan-2021 10:11:51 UTC] id: NULL
[28-Jan-2021 10:12:25 UTC] id: NULL
[28-Jan-2021 10:12:58 UTC] id: NULL
[28-Jan-2021 10:23:01 UTC] id: NULL
[28-Jan-2021 10:23:08 UTC] id: NULL
[28-Jan-2021 10:23:10 UTC] id: NULL
[28-Jan-2021 10:23:44 UTC] id: NULL
[28-Jan-2021 10:23:51 UTC] id: NULL
[28-Jan-2021 10:24:05 UTC] id: NULL
[28-Jan-2021 10:24:09 UTC] id: NULL
[28-Jan-2021 10:24:19 UTC] id: NULL
[28-Jan-2021 10:24:21 UTC] id: NULL
[28-Jan-2021 10:24:26 UTC] id: NULL
[28-Jan-2021 10:24:31 UTC] id: NULL
[28-Jan-2021 10:24:35 UTC] id: NULL
[28-Jan-2021 10:24:40 UTC] id: NULL
[28-Jan-2021 10:25:18 UTC] id: NULL
[28-Jan-2021 10:25:55 UTC] id: NULL
[28-Jan-2021 10:25:56 UTC] id: NULL
[28-Jan-2021 10:26:08 UTC] id: NULL
[28-Jan-2021 10:26:12 UTC] id: NULL
[28-Jan-2021 11:23:25 UTC] id: NULL
[28-Jan-2021 11:23:26 UTC] id: NULL
[28-Jan-2021 11:23:33 UTC] id: NULL
[28-Jan-2021 11:24:57 UTC] id: NULL
[28-Jan-2021 11:24:58 UTC] id: NULL
[28-Jan-2021 11:25:02 UTC] id: NULL
[28-Jan-2021 11:25:04 UTC] id: NULL
[28-Jan-2021 11:26:33 UTC] id: NULL
[28-Jan-2021 11:26:50 UTC] id: NULL
[28-Jan-2021 11:26:55 UTC] id: NULL
[28-Jan-2021 11:27:22 UTC] id: NULL
[28-Jan-2021 11:27:57 UTC] id: NULL
[28-Jan-2021 11:28:44 UTC] id: NULL
[28-Jan-2021 11:29:20 UTC] id: NULL
[28-Jan-2021 11:29:24 UTC] id: NULL
[28-Jan-2021 11:30:19 UTC] id: NULL
[28-Jan-2021 11:30:23 UTC] id: NULL
[28-Jan-2021 11:30:28 UTC] id: NULL
[28-Jan-2021 11:30:32 UTC] id: NULL
[28-Jan-2021 11:30:40 UTC] id: NULL
[28-Jan-2021 11:30:40 UTC] id: NULL
[28-Jan-2021 11:30:53 UTC] id: NULL
[28-Jan-2021 11:31:28 UTC] id: NULL
[28-Jan-2021 11:31:38 UTC] id: NULL
[28-Jan-2021 11:32:21 UTC] id: NULL
[28-Jan-2021 11:32:24 UTC] id: NULL
[28-Jan-2021 11:37:22 UTC] id: NULL
[28-Jan-2021 11:37:45 UTC] id: NULL
[28-Jan-2021 11:39:15 UTC] id: '3'
[28-Jan-2021 11:39:18 UTC] id: NULL
[28-Jan-2021 11:39:53 UTC] id: NULL
[28-Jan-2021 11:39:58 UTC] id: NULL
[28-Jan-2021 11:40:19 UTC] id: NULL
[28-Jan-2021 11:40:24 UTC] id: NULL
[28-Jan-2021 11:40:27 UTC] id: NULL
[28-Jan-2021 11:40:50 UTC] id: NULL
[28-Jan-2021 11:41:08 UTC] id: NULL
[28-Jan-2021 11:41:17 UTC] id: NULL
[28-Jan-2021 11:41:44 UTC] id: NULL
[28-Jan-2021 11:41:55 UTC] id: NULL
[28-Jan-2021 11:43:46 UTC] id: NULL
[28-Jan-2021 11:43:48 UTC] id: NULL
[28-Jan-2021 11:44:42 UTC] id: NULL
[28-Jan-2021 11:44:45 UTC] id: NULL
[28-Jan-2021 11:44:48 UTC] id: NULL
[28-Jan-2021 11:44:52 UTC] id: NULL
[28-Jan-2021 11:45:09 UTC] id: NULL
[28-Jan-2021 11:57:41 UTC] id: NULL
[28-Jan-2021 11:57:41 UTC] id: NULL
[28-Jan-2021 11:57:45 UTC] id: NULL
[28-Jan-2021 11:58:00 UTC] id: NULL
[28-Jan-2021 11:58:08 UTC] id: NULL
[28-Jan-2021 11:58:21 UTC] id: NULL
[28-Jan-2021 11:59:11 UTC] id: NULL
[28-Jan-2021 11:59:33 UTC] id: NULL
[28-Jan-2021 11:59:43 UTC] id: NULL
[28-Jan-2021 12:00:07 UTC] id: NULL
[28-Jan-2021 12:00:30 UTC] id: NULL
[28-Jan-2021 12:00:39 UTC] id: NULL
[28-Jan-2021 12:01:00 UTC] id: NULL
[28-Jan-2021 12:01:08 UTC] id: NULL
[28-Jan-2021 12:01:37 UTC] id: NULL
[28-Jan-2021 12:04:11 UTC] id: NULL
[28-Jan-2021 12:04:31 UTC] id: NULL
[28-Jan-2021 12:04:45 UTC] id: NULL
[28-Jan-2021 12:05:42 UTC] id: NULL
[28-Jan-2021 12:05:48 UTC] id: NULL
[28-Jan-2021 12:06:05 UTC] id: NULL
[28-Jan-2021 12:08:15 UTC] id: NULL
[28-Jan-2021 12:08:15 UTC] id: NULL
[28-Jan-2021 12:08:29 UTC] id: NULL
[28-Jan-2021 12:08:47 UTC] id: NULL
[28-Jan-2021 12:09:36 UTC] id: NULL
[28-Jan-2021 12:09:41 UTC] id: NULL
[28-Jan-2021 12:09:44 UTC] id: NULL
[28-Jan-2021 12:10:00 UTC] id: NULL
[28-Jan-2021 12:11:20 UTC] id: NULL
[28-Jan-2021 12:11:36 UTC] id: NULL
[28-Jan-2021 12:12:10 UTC] id: NULL
[28-Jan-2021 12:12:13 UTC] PHP Notice:  Undefined index: id in C:\wamp64\www\vyog\api\my_post.php on line 16
[28-Jan-2021 12:12:13 UTC] PHP Stack trace:
[28-Jan-2021 12:12:13 UTC] PHP   1. {main}() C:\wamp64\www\vyog\api\my_post.php:0
[28-Jan-2021 12:12:13 UTC] id: NULL
[28-Jan-2021 12:16:40 UTC] PHP Notice:  Undefined index: id in C:\wamp64\www\vyog\api\my_post.php on line 16
[28-Jan-2021 12:16:40 UTC] PHP Stack trace:
[28-Jan-2021 12:16:40 UTC] PHP   1. {main}() C:\wamp64\www\vyog\api\my_post.php:0
[28-Jan-2021 12:16:40 UTC] id: NULL
[28-Jan-2021 12:16:40 UTC] callback: 'delete_post'
[28-Jan-2021 12:17:04 UTC] id: NULL
[28-Jan-2021 12:17:04 UTC] callback: NULL
[28-Jan-2021 12:17:07 UTC] id: 1
[28-Jan-2021 12:17:07 UTC] callback: 'delete_post'
[28-Jan-2021 12:17:58 UTC] id: NULL
[28-Jan-2021 12:17:58 UTC] callback: NULL
[28-Jan-2021 12:18:07 UTC] id: NULL
[28-Jan-2021 12:18:07 UTC] callback: NULL
[28-Jan-2021 12:21:32 UTC] id: NULL
[28-Jan-2021 12:21:32 UTC] callback: NULL
[28-Jan-2021 12:21:36 UTC] id: NULL
[28-Jan-2021 12:21:36 UTC] callback: NULL
[28-Jan-2021 12:21:39 UTC] id: NULL
[28-Jan-2021 12:21:39 UTC] callback: NULL
[28-Jan-2021 12:21:58 UTC] id: NULL
[28-Jan-2021 12:21:58 UTC] callback: NULL
[28-Jan-2021 12:22:03 UTC] id: 2
[28-Jan-2021 12:22:03 UTC] callback: 'delete_post'
[28-Jan-2021 12:22:27 UTC] id: NULL
[28-Jan-2021 12:22:27 UTC] callback: NULL
[28-Jan-2021 12:22:30 UTC] id: NULL
[28-Jan-2021 12:22:30 UTC] callback: NULL
[28-Jan-2021 12:22:40 UTC] id: NULL
[28-Jan-2021 12:22:40 UTC] callback: NULL
[28-Jan-2021 12:22:42 UTC] id: NULL
[28-Jan-2021 12:22:42 UTC] callback: NULL
[28-Jan-2021 12:22:48 UTC] id: 3
[28-Jan-2021 12:22:48 UTC] callback: 'delete_post'
[28-Jan-2021 12:27:07 UTC] id: NULL
[28-Jan-2021 12:27:07 UTC] callback: NULL
[28-Jan-2021 12:27:08 UTC] id: NULL
[28-Jan-2021 12:27:08 UTC] callback: NULL
[28-Jan-2021 12:27:09 UTC] PHP Notice:  Undefined index: id in C:\wamp64\www\vyog\api\my_post.php on line 16
[28-Jan-2021 12:27:09 UTC] PHP Notice:  Undefined index: id in C:\wamp64\www\vyog\api\my_post.php on line 16
[28-Jan-2021 12:27:09 UTC] id: NULL
[28-Jan-2021 12:27:09 UTC] PHP Stack trace:
[28-Jan-2021 12:27:09 UTC] PHP Stack trace:
[28-Jan-2021 12:27:09 UTC] callback: NULL
[28-Jan-2021 12:27:09 UTC] PHP   1. {main}() C:\wamp64\www\vyog\api\my_post.php:0
[28-Jan-2021 12:27:09 UTC] PHP   1. {main}() C:\wamp64\www\vyog\api\my_post.php:0
[28-Jan-2021 12:27:10 UTC] id: NULL
[28-Jan-2021 12:27:10 UTC] id: NULL
[28-Jan-2021 12:27:10 UTC] callback: 'delete_post'
[28-Jan-2021 12:27:10 UTC] callback: 'delete_post'
[28-Jan-2021 12:27:17 UTC] id: NULL
[28-Jan-2021 12:27:17 UTC] PHP Notice:  Undefined index: id in C:\wamp64\www\vyog\api\my_post.php on line 16
[28-Jan-2021 12:27:17 UTC] PHP Notice:  Undefined index: id in C:\wamp64\www\vyog\api\my_post.php on line 16
[28-Jan-2021 12:27:17 UTC] callback: NULL
[28-Jan-2021 12:27:17 UTC] PHP Stack trace:
[28-Jan-2021 12:27:17 UTC] PHP Stack trace:
[28-Jan-2021 12:27:18 UTC] PHP   1. {main}() C:\wamp64\www\vyog\api\my_post.php:0
[28-Jan-2021 12:27:18 UTC] PHP   1. {main}() C:\wamp64\www\vyog\api\my_post.php:0
[28-Jan-2021 12:27:18 UTC] id: NULL
[28-Jan-2021 12:27:18 UTC] id: NULL
[28-Jan-2021 12:27:18 UTC] callback: 'delete_post'
[28-Jan-2021 12:27:18 UTC] callback: 'delete_post'
[28-Jan-2021 12:27:18 UTC] PHP Notice:  Undefined index: id in C:\wamp64\www\vyog\api\my_post.php on line 16
[28-Jan-2021 12:27:18 UTC] PHP Notice:  Undefined index: id in C:\wamp64\www\vyog\api\my_post.php on line 16
[28-Jan-2021 12:27:18 UTC] id: NULL
[28-Jan-2021 12:27:18 UTC] PHP Stack trace:
[28-Jan-2021 12:27:18 UTC] PHP Stack trace:
[28-Jan-2021 12:27:18 UTC] callback: NULL
[28-Jan-2021 12:27:18 UTC] PHP   1. {main}() C:\wamp64\www\vyog\api\my_post.php:0
[28-Jan-2021 12:27:18 UTC] PHP   1. {main}() C:\wamp64\www\vyog\api\my_post.php:0
[28-Jan-2021 12:27:18 UTC] id: NULL
[28-Jan-2021 12:27:18 UTC] id: NULL
[28-Jan-2021 12:27:18 UTC] callback: 'delete_post'
[28-Jan-2021 12:27:18 UTC] callback: 'delete_post'
[28-Jan-2021 12:27:38 UTC] id: NULL
[28-Jan-2021 12:27:38 UTC] callback: NULL
[28-Jan-2021 12:27:46 UTC] id: NULL
[28-Jan-2021 12:27:46 UTC] callback: NULL
[28-Jan-2021 12:28:03 UTC] id: NULL
[28-Jan-2021 12:28:03 UTC] callback: NULL
[28-Jan-2021 12:30:01 UTC] id: NULL
[28-Jan-2021 12:30:01 UTC] callback: NULL
[28-Jan-2021 12:30:02 UTC] id: NULL
[28-Jan-2021 12:30:02 UTC] callback: NULL
[28-Jan-2021 12:45:38 UTC] id: NULL
[28-Jan-2021 12:45:38 UTC] callback: NULL
[28-Jan-2021 12:45:38 UTC] id: NULL
[28-Jan-2021 12:45:38 UTC] callback: NULL
[28-Jan-2021 12:45:38 UTC] id: NULL
[28-Jan-2021 12:45:38 UTC] callback: NULL
[28-Jan-2021 12:45:38 UTC] id: NULL
[28-Jan-2021 12:45:38 UTC] callback: NULL
[28-Jan-2021 12:45:38 UTC] id: NULL
[28-Jan-2021 12:45:38 UTC] callback: NULL
[28-Jan-2021 12:45:38 UTC] id: NULL
[28-Jan-2021 12:45:38 UTC] callback: NULL
[28-Jan-2021 12:46:07 UTC] id: NULL
[28-Jan-2021 12:46:07 UTC] callback: NULL
[28-Jan-2021 12:46:11 UTC] id: NULL
[28-Jan-2021 12:46:11 UTC] callback: NULL
[28-Jan-2021 12:46:14 UTC] id: NULL
[28-Jan-2021 12:46:14 UTC] callback: NULL
[28-Jan-2021 12:46:17 UTC] id: NULL
[28-Jan-2021 12:46:17 UTC] callback: NULL
[28-Jan-2021 12:47:56 UTC] id: 4
[28-Jan-2021 12:47:56 UTC] callback: 'delete_post'
[28-Jan-2021 12:47:56 UTC] PHP Notice:  Undefined variable: deleted in C:\wamp64\www\vyog\api\my_post.php on line 38
[28-Jan-2021 12:47:56 UTC] PHP Stack trace:
[28-Jan-2021 12:47:56 UTC] PHP   1. {main}() C:\wamp64\www\vyog\api\my_post.php:0
[28-Jan-2021 12:48:16 UTC] id: 4
[28-Jan-2021 12:48:16 UTC] callback: 'delete_post'
[28-Jan-2021 12:48:37 UTC] id: NULL
[28-Jan-2021 12:48:37 UTC] callback: NULL
[28-Jan-2021 12:48:42 UTC] id: NULL
[28-Jan-2021 12:48:42 UTC] callback: NULL
[28-Jan-2021 12:48:45 UTC] id: NULL
[28-Jan-2021 12:48:45 UTC] callback: NULL
[28-Jan-2021 12:50:06 UTC] id: NULL
[28-Jan-2021 12:50:06 UTC] callback: NULL
[28-Jan-2021 12:50:22 UTC] id: NULL
[28-Jan-2021 12:50:22 UTC] callback: NULL
[28-Jan-2021 12:50:31 UTC] id: NULL
[28-Jan-2021 12:50:31 UTC] callback: NULL
[28-Jan-2021 12:50:38 UTC] id: NULL
[28-Jan-2021 12:50:38 UTC] callback: NULL
[28-Jan-2021 12:50:52 UTC] id: NULL
[28-Jan-2021 12:50:52 UTC] callback: NULL
[28-Jan-2021 12:50:56 UTC] id: NULL
[28-Jan-2021 12:50:56 UTC] callback: NULL
[28-Jan-2021 12:51:07 UTC] id: NULL
[28-Jan-2021 12:51:07 UTC] callback: NULL
[28-Jan-2021 12:51:22 UTC] id: 5
[28-Jan-2021 12:51:22 UTC] callback: 'delete_post'
[28-Jan-2021 12:51:44 UTC] id: NULL
[28-Jan-2021 12:51:44 UTC] callback: NULL
[28-Jan-2021 12:51:49 UTC] id: NULL
[28-Jan-2021 12:51:49 UTC] callback: NULL
[28-Jan-2021 12:53:23 UTC] id: 6
[28-Jan-2021 12:53:23 UTC] callback: 'delete_post'
[28-Jan-2021 12:54:25 UTC] id: NULL
[28-Jan-2021 12:54:25 UTC] callback: NULL
[28-Jan-2021 12:54:38 UTC] id: NULL
[28-Jan-2021 12:54:38 UTC] callback: NULL
[28-Jan-2021 12:54:41 UTC] id: 7
[28-Jan-2021 12:54:41 UTC] callback: 'delete_post'
[28-Jan-2021 12:55:50 UTC] id: NULL
[28-Jan-2021 12:55:50 UTC] callback: NULL
[28-Jan-2021 12:56:00 UTC] id: 4
[28-Jan-2021 12:56:00 UTC] callback: 'delete_post'
[28-Jan-2021 12:56:15 UTC] id: NULL
[28-Jan-2021 12:56:15 UTC] callback: NULL
[28-Jan-2021 12:56:30 UTC] id: NULL
[28-Jan-2021 12:56:30 UTC] callback: NULL
[28-Jan-2021 12:56:38 UTC] id: NULL
[28-Jan-2021 12:56:38 UTC] callback: NULL
[28-Jan-2021 12:56:42 UTC] id: NULL
[28-Jan-2021 12:56:42 UTC] callback: NULL
[28-Jan-2021 12:56:44 UTC] PHP Notice:  Undefined index: id in C:\wamp64\www\vyog\api\my_post.php on line 16
[28-Jan-2021 12:56:44 UTC] PHP Stack trace:
[28-Jan-2021 12:56:44 UTC] PHP   1. {main}() C:\wamp64\www\vyog\api\my_post.php:0
[28-Jan-2021 12:56:44 UTC] id: NULL
[28-Jan-2021 12:56:44 UTC] callback: 'delete_post'
[28-Jan-2021 12:57:17 UTC] id: NULL
[28-Jan-2021 12:57:17 UTC] callback: NULL
[28-Jan-2021 12:57:18 UTC] id: NULL
[28-Jan-2021 12:57:18 UTC] callback: NULL
[28-Jan-2021 12:57:23 UTC] PHP Notice:  Undefined index: id in C:\wamp64\www\vyog\api\my_post.php on line 16
[28-Jan-2021 12:57:23 UTC] PHP Stack trace:
[28-Jan-2021 12:57:23 UTC] PHP   1. {main}() C:\wamp64\www\vyog\api\my_post.php:0
[28-Jan-2021 12:57:23 UTC] id: NULL
[28-Jan-2021 12:57:23 UTC] callback: 'delete_post'
[28-Jan-2021 12:57:34 UTC] id: NULL
[28-Jan-2021 12:57:34 UTC] callback: NULL
[28-Jan-2021 12:57:38 UTC] id: NULL
[28-Jan-2021 12:57:38 UTC] callback: NULL
[28-Jan-2021 12:57:41 UTC] id: NULL
[28-Jan-2021 12:57:41 UTC] callback: NULL
[28-Jan-2021 12:57:45 UTC] id: NULL
[28-Jan-2021 12:57:45 UTC] callback: NULL
[28-Jan-2021 12:57:50 UTC] id: NULL
[28-Jan-2021 12:57:50 UTC] callback: NULL
[28-Jan-2021 12:58:39 UTC] id: NULL
[28-Jan-2021 12:58:39 UTC] callback: NULL
[28-Jan-2021 12:58:48 UTC] id: NULL
[28-Jan-2021 12:58:48 UTC] callback: NULL
[28-Jan-2021 12:59:00 UTC] id: NULL
[28-Jan-2021 12:59:00 UTC] callback: NULL
[28-Jan-2021 12:59:07 UTC] id: NULL
[28-Jan-2021 12:59:07 UTC] callback: NULL
[28-Jan-2021 12:59:10 UTC] id: NULL
[28-Jan-2021 12:59:10 UTC] callback: NULL
[28-Jan-2021 12:59:21 UTC] id: NULL
[28-Jan-2021 12:59:21 UTC] callback: NULL
[28-Jan-2021 12:59:48 UTC] id: NULL
[28-Jan-2021 12:59:48 UTC] callback: NULL
[28-Jan-2021 12:59:49 UTC] id: NULL
[28-Jan-2021 12:59:49 UTC] callback: NULL
[28-Jan-2021 13:02:04 UTC] id: NULL
[28-Jan-2021 13:02:04 UTC] callback: NULL
[28-Jan-2021 13:02:13 UTC] id: NULL
[28-Jan-2021 13:02:13 UTC] callback: NULL
[28-Jan-2021 13:02:56 UTC] id: NULL
[28-Jan-2021 13:02:56 UTC] callback: NULL
[28-Jan-2021 13:03:07 UTC] id: NULL
[28-Jan-2021 13:03:07 UTC] callback: NULL
[28-Jan-2021 13:03:09 UTC] id: NULL
[28-Jan-2021 13:03:09 UTC] callback: NULL
[28-Jan-2021 13:03:10 UTC] id: NULL
[28-Jan-2021 13:03:10 UTC] callback: NULL
[28-Jan-2021 13:03:34 UTC] id: NULL
[28-Jan-2021 13:03:34 UTC] callback: NULL
[28-Jan-2021 13:03:35 UTC] id: NULL
[28-Jan-2021 13:03:35 UTC] callback: NULL
[28-Jan-2021 13:03:42 UTC] id: NULL
[28-Jan-2021 13:03:42 UTC] callback: NULL
[28-Jan-2021 13:03:46 UTC] id: NULL
[28-Jan-2021 13:03:46 UTC] callback: NULL
[28-Jan-2021 13:03:49 UTC] id: NULL
[28-Jan-2021 13:03:49 UTC] callback: NULL
[28-Jan-2021 13:03:52 UTC] id: NULL
[28-Jan-2021 13:03:52 UTC] callback: NULL
[28-Jan-2021 13:03:57 UTC] id: NULL
[28-Jan-2021 13:03:57 UTC] callback: NULL
[28-Jan-2021 13:04:06 UTC] PHP Notice:  Undefined index: callback in C:\wamp64\www\vyog\api\my_post.php on line 17
[28-Jan-2021 13:04:06 UTC] PHP Stack trace:
[28-Jan-2021 13:04:06 UTC] PHP   1. {main}() C:\wamp64\www\vyog\api\my_post.php:0
[28-Jan-2021 13:04:06 UTC] id: NULL
[28-Jan-2021 13:04:06 UTC] callback: NULL
[28-Jan-2021 13:05:20 UTC] PHP Notice:  Undefined index: callback in C:\wamp64\www\vyog\api\my_post.php on line 17
[28-Jan-2021 13:05:20 UTC] PHP Stack trace:
[28-Jan-2021 13:05:20 UTC] PHP   1. {main}() C:\wamp64\www\vyog\api\my_post.php:0
[28-Jan-2021 13:05:20 UTC] id: NULL
[28-Jan-2021 13:05:20 UTC] callback: NULL
[28-Jan-2021 13:05:54 UTC] PHP Notice:  Undefined index: callback in C:\wamp64\www\vyog\api\my_post.php on line 17
[28-Jan-2021 13:05:54 UTC] PHP Stack trace:
[28-Jan-2021 13:05:54 UTC] PHP   1. {main}() C:\wamp64\www\vyog\api\my_post.php:0
[28-Jan-2021 13:05:54 UTC] id: NULL
[28-Jan-2021 13:05:54 UTC] callback: NULL
[28-Jan-2021 13:06:04 UTC] PHP Notice:  Undefined index: callback in C:\wamp64\www\vyog\api\my_post.php on line 17
[28-Jan-2021 13:06:04 UTC] PHP Stack trace:
[28-Jan-2021 13:06:04 UTC] PHP   1. {main}() C:\wamp64\www\vyog\api\my_post.php:0
[28-Jan-2021 13:06:04 UTC] id: NULL
[28-Jan-2021 13:06:04 UTC] callback: NULL
[28-Jan-2021 13:06:23 UTC] PHP Notice:  Undefined index: callback in C:\wamp64\www\vyog\api\my_post.php on line 17
[28-Jan-2021 13:06:23 UTC] PHP Stack trace:
[28-Jan-2021 13:06:23 UTC] PHP   1. {main}() C:\wamp64\www\vyog\api\my_post.php:0
[28-Jan-2021 13:06:23 UTC] id: NULL
[28-Jan-2021 13:06:23 UTC] callback: NULL
[28-Jan-2021 13:06:51 UTC] PHP Notice:  Undefined index: callback in C:\wamp64\www\vyog\api\my_post.php on line 17
[28-Jan-2021 13:06:51 UTC] PHP Stack trace:
[28-Jan-2021 13:06:51 UTC] PHP   1. {main}() C:\wamp64\www\vyog\api\my_post.php:0
[28-Jan-2021 13:06:51 UTC] id: NULL
[28-Jan-2021 13:06:51 UTC] callback: NULL
[28-Jan-2021 13:07:34 UTC] PHP Notice:  Undefined index: callback in C:\wamp64\www\vyog\api\my_post.php on line 17
[28-Jan-2021 13:07:34 UTC] PHP Stack trace:
[28-Jan-2021 13:07:34 UTC] PHP   1. {main}() C:\wamp64\www\vyog\api\my_post.php:0
[28-Jan-2021 13:07:35 UTC] id: NULL
[28-Jan-2021 13:07:35 UTC] callback: NULL
[28-Jan-2021 13:07:38 UTC] PHP Notice:  Undefined index: callback in C:\wamp64\www\vyog\api\my_post.php on line 17
[28-Jan-2021 13:07:38 UTC] PHP Stack trace:
[28-Jan-2021 13:07:38 UTC] PHP   1. {main}() C:\wamp64\www\vyog\api\my_post.php:0
[28-Jan-2021 13:07:38 UTC] id: NULL
[28-Jan-2021 13:07:38 UTC] callback: NULL
[28-Jan-2021 13:07:41 UTC] PHP Notice:  Undefined index: callback in C:\wamp64\www\vyog\api\my_post.php on line 17
[28-Jan-2021 13:07:41 UTC] PHP Stack trace:
[28-Jan-2021 13:07:41 UTC] PHP   1. {main}() C:\wamp64\www\vyog\api\my_post.php:0
[28-Jan-2021 13:07:41 UTC] id: NULL
[28-Jan-2021 13:07:41 UTC] callback: NULL
[28-Jan-2021 13:07:49 UTC] PHP Notice:  Undefined index: callback in C:\wamp64\www\vyog\api\my_post.php on line 17
[28-Jan-2021 13:07:49 UTC] PHP Stack trace:
[28-Jan-2021 13:07:49 UTC] PHP   1. {main}() C:\wamp64\www\vyog\api\my_post.php:0
[28-Jan-2021 13:07:49 UTC] id: NULL
[28-Jan-2021 13:07:49 UTC] callback: NULL
[28-Jan-2021 13:07:58 UTC] PHP Notice:  Undefined index: callback in C:\wamp64\www\vyog\api\my_post.php on line 17
[28-Jan-2021 13:07:58 UTC] PHP Stack trace:
[28-Jan-2021 13:07:58 UTC] PHP   1. {main}() C:\wamp64\www\vyog\api\my_post.php:0
[28-Jan-2021 13:07:58 UTC] id: NULL
[28-Jan-2021 13:07:58 UTC] callback: NULL
[28-Jan-2021 13:08:05 UTC] PHP Notice:  Undefined index: callback in C:\wamp64\www\vyog\api\my_post.php on line 17
[28-Jan-2021 13:08:05 UTC] PHP Stack trace:
[28-Jan-2021 13:08:05 UTC] PHP   1. {main}() C:\wamp64\www\vyog\api\my_post.php:0
[28-Jan-2021 13:08:05 UTC] id: NULL
[28-Jan-2021 13:08:05 UTC] callback: NULL
[28-Jan-2021 13:08:36 UTC] PHP Notice:  Undefined index: callback in C:\wamp64\www\vyog\api\my_post.php on line 17
[28-Jan-2021 13:08:36 UTC] PHP Stack trace:
[28-Jan-2021 13:08:36 UTC] PHP   1. {main}() C:\wamp64\www\vyog\api\my_post.php:0
[28-Jan-2021 13:08:36 UTC] id: NULL
[28-Jan-2021 13:08:36 UTC] callback: NULL
[28-Jan-2021 13:08:45 UTC] PHP Notice:  Undefined index: callback in C:\wamp64\www\vyog\api\my_post.php on line 17
[28-Jan-2021 13:08:45 UTC] PHP Stack trace:
[28-Jan-2021 13:08:45 UTC] PHP   1. {main}() C:\wamp64\www\vyog\api\my_post.php:0
[28-Jan-2021 13:08:45 UTC] id: NULL
[28-Jan-2021 13:08:45 UTC] callback: NULL
[28-Jan-2021 13:08:46 UTC] PHP Notice:  Undefined index: callback in C:\wamp64\www\vyog\api\my_post.php on line 17
[28-Jan-2021 13:08:46 UTC] PHP Stack trace:
[28-Jan-2021 13:08:46 UTC] PHP   1. {main}() C:\wamp64\www\vyog\api\my_post.php:0
[28-Jan-2021 13:08:46 UTC] id: NULL
[28-Jan-2021 13:08:46 UTC] callback: NULL
[28-Jan-2021 13:08:51 UTC] PHP Notice:  Undefined index: callback in C:\wamp64\www\vyog\api\my_post.php on line 17
[28-Jan-2021 13:08:51 UTC] PHP Stack trace:
[28-Jan-2021 13:08:51 UTC] PHP   1. {main}() C:\wamp64\www\vyog\api\my_post.php:0
[28-Jan-2021 13:08:52 UTC] id: NULL
[28-Jan-2021 13:08:52 UTC] callback: NULL
[28-Jan-2021 13:08:58 UTC] PHP Notice:  Undefined index: callback in C:\wamp64\www\vyog\api\my_post.php on line 17
[28-Jan-2021 13:08:58 UTC] PHP Stack trace:
[28-Jan-2021 13:08:58 UTC] PHP   1. {main}() C:\wamp64\www\vyog\api\my_post.php:0
[28-Jan-2021 13:08:58 UTC] id: NULL
[28-Jan-2021 13:08:58 UTC] callback: NULL
[28-Jan-2021 13:09:13 UTC] PHP Notice:  Undefined index: callback in C:\wamp64\www\vyog\api\my_post.php on line 17
[28-Jan-2021 13:09:13 UTC] PHP Stack trace:
[28-Jan-2021 13:09:13 UTC] PHP   1. {main}() C:\wamp64\www\vyog\api\my_post.php:0
[28-Jan-2021 13:09:13 UTC] id: NULL
[28-Jan-2021 13:09:13 UTC] callback: NULL
[28-Jan-2021 13:09:28 UTC] PHP Notice:  Undefined index: callback in C:\wamp64\www\vyog\api\my_post.php on line 17
[28-Jan-2021 13:09:28 UTC] PHP Stack trace:
[28-Jan-2021 13:09:28 UTC] PHP   1. {main}() C:\wamp64\www\vyog\api\my_post.php:0
[28-Jan-2021 13:09:28 UTC] id: NULL
[28-Jan-2021 13:09:28 UTC] callback: NULL
[28-Jan-2021 13:09:30 UTC] PHP Notice:  Undefined index: callback in C:\wamp64\www\vyog\api\my_post.php on line 17
[28-Jan-2021 13:09:30 UTC] PHP Stack trace:
[28-Jan-2021 13:09:30 UTC] PHP   1. {main}() C:\wamp64\www\vyog\api\my_post.php:0
[28-Jan-2021 13:09:31 UTC] id: NULL
[28-Jan-2021 13:09:31 UTC] callback: NULL
[28-Jan-2021 13:09:32 UTC] PHP Notice:  Undefined index: callback in C:\wamp64\www\vyog\api\my_post.php on line 17
[28-Jan-2021 13:09:32 UTC] PHP Stack trace:
[28-Jan-2021 13:09:32 UTC] PHP   1. {main}() C:\wamp64\www\vyog\api\my_post.php:0
[28-Jan-2021 13:09:32 UTC] id: NULL
[28-Jan-2021 13:09:32 UTC] callback: NULL
[28-Jan-2021 13:09:36 UTC] PHP Notice:  Undefined index: callback in C:\wamp64\www\vyog\api\my_post.php on line 17
[28-Jan-2021 13:09:36 UTC] PHP Stack trace:
[28-Jan-2021 13:09:36 UTC] PHP   1. {main}() C:\wamp64\www\vyog\api\my_post.php:0
[28-Jan-2021 13:09:36 UTC] id: NULL
[28-Jan-2021 13:09:36 UTC] callback: NULL
[28-Jan-2021 13:13:16 UTC] PHP Notice:  Undefined index: callback in C:\wamp64\www\vyog\api\my_post.php on line 17
[28-Jan-2021 13:13:16 UTC] PHP Stack trace:
[28-Jan-2021 13:13:16 UTC] PHP   1. {main}() C:\wamp64\www\vyog\api\my_post.php:0
[28-Jan-2021 13:13:16 UTC] id: NULL
[28-Jan-2021 13:13:16 UTC] callback: NULL
[28-Jan-2021 13:13:33 UTC] PHP Notice:  Undefined index: callback in C:\wamp64\www\vyog\api\my_post.php on line 17
[28-Jan-2021 13:13:33 UTC] PHP Stack trace:
[28-Jan-2021 13:13:33 UTC] PHP   1. {main}() C:\wamp64\www\vyog\api\my_post.php:0
[28-Jan-2021 13:13:33 UTC] id: NULL
[28-Jan-2021 13:13:33 UTC] callback: NULL
[28-Jan-2021 13:13:36 UTC] PHP Notice:  Undefined index: callback in C:\wamp64\www\vyog\api\my_post.php on line 17
[28-Jan-2021 13:13:36 UTC] PHP Stack trace:
[28-Jan-2021 13:13:36 UTC] PHP   1. {main}() C:\wamp64\www\vyog\api\my_post.php:0
[28-Jan-2021 13:13:36 UTC] id: NULL
[28-Jan-2021 13:13:36 UTC] callback: NULL
[28-Jan-2021 13:13:38 UTC] PHP Notice:  Undefined index: callback in C:\wamp64\www\vyog\api\my_post.php on line 17
[28-Jan-2021 13:13:38 UTC] PHP Stack trace:
[28-Jan-2021 13:13:38 UTC] PHP   1. {main}() C:\wamp64\www\vyog\api\my_post.php:0
[28-Jan-2021 13:13:38 UTC] id: NULL
[28-Jan-2021 13:13:38 UTC] callback: NULL
[28-Jan-2021 13:14:33 UTC] id: NULL
[28-Jan-2021 13:14:33 UTC] callback: ''
[28-Jan-2021 13:14:41 UTC] id: NULL
[28-Jan-2021 13:14:41 UTC] callback: ''
[28-Jan-2021 13:15:22 UTC] id: NULL
[28-Jan-2021 13:15:22 UTC] callback: ''
[28-Jan-2021 13:16:13 UTC] id: NULL
[28-Jan-2021 13:16:13 UTC] callback: ''
[28-Jan-2021 13:16:16 UTC] id: NULL
[28-Jan-2021 13:16:16 UTC] callback: ''
[28-Jan-2021 13:16:54 UTC] id: NULL
[28-Jan-2021 13:16:54 UTC] callback: ''
[28-Jan-2021 13:18:25 UTC] id: NULL
[28-Jan-2021 13:18:25 UTC] callback: ''
[28-Jan-2021 13:18:29 UTC] id: NULL
[28-Jan-2021 13:18:29 UTC] callback: ''
[28-Jan-2021 13:18:45 UTC] id: 11
[28-Jan-2021 13:18:45 UTC] callback: 'delete_post'
[28-Jan-2021 13:19:28 UTC] id: NULL
[28-Jan-2021 13:19:28 UTC] callback: ''
[28-Jan-2021 13:19:36 UTC] id: NULL
[28-Jan-2021 13:19:36 UTC] callback: ''
[28-Jan-2021 13:19:38 UTC] id: NULL
[28-Jan-2021 13:19:39 UTC] callback: ''
[28-Jan-2021 13:19:49 UTC] id: NULL
[28-Jan-2021 13:19:49 UTC] callback: ''
[28-Jan-2021 13:19:52 UTC] id: NULL
[28-Jan-2021 13:19:52 UTC] callback: ''
[28-Jan-2021 13:20:27 UTC] id: NULL
[28-Jan-2021 13:20:28 UTC] callback: ''
[28-Jan-2021 13:20:43 UTC] id: NULL
[28-Jan-2021 13:20:43 UTC] callback: ''
[28-Jan-2021 13:20:50 UTC] id: NULL
[28-Jan-2021 13:20:50 UTC] callback: ''
[28-Jan-2021 13:21:00 UTC] id: NULL
[28-Jan-2021 13:21:00 UTC] callback: ''
[28-Jan-2021 13:21:03 UTC] id: NULL
[28-Jan-2021 13:21:03 UTC] callback: ''
[28-Jan-2021 13:21:20 UTC] id: NULL
[28-Jan-2021 13:21:20 UTC] callback: ''
[28-Jan-2021 13:21:32 UTC] id: NULL
[28-Jan-2021 13:21:32 UTC] callback: ''
[28-Jan-2021 13:21:45 UTC] id: NULL
[28-Jan-2021 13:21:45 UTC] callback: ''
[28-Jan-2021 13:21:53 UTC] id: NULL
[28-Jan-2021 13:21:53 UTC] callback: ''
[28-Jan-2021 13:22:00 UTC] id: 10
[28-Jan-2021 13:22:00 UTC] callback: 'delete_post'
[28-Jan-2021 13:23:29 UTC] id: NULL
[28-Jan-2021 13:23:29 UTC] callback: ''
[28-Jan-2021 13:23:35 UTC] id: 8
[28-Jan-2021 13:23:35 UTC] callback: 'delete_post'
[28-Jan-2021 13:23:35 UTC] id: NULL
[28-Jan-2021 13:23:35 UTC] callback: ''
[28-Jan-2021 13:23:37 UTC] id: 9
[28-Jan-2021 13:23:37 UTC] callback: 'delete_post'
[28-Jan-2021 13:23:49 UTC] id: 9
[28-Jan-2021 13:23:49 UTC] callback: 'delete_post'
[28-Jan-2021 13:24:19 UTC] id: 9
[28-Jan-2021 13:24:19 UTC] callback: 'delete_post'
[28-Jan-2021 13:26:24 UTC] id: NULL
[28-Jan-2021 13:26:24 UTC] callback: ''
[28-Jan-2021 13:26:45 UTC] id: NULL
[28-Jan-2021 13:26:45 UTC] callback: ''
[28-Jan-2021 13:26:46 UTC] id: NULL
[28-Jan-2021 13:26:46 UTC] callback: ''
[28-Jan-2021 13:26:52 UTC] id: NULL
[28-Jan-2021 13:26:52 UTC] callback: ''
[28-Jan-2021 13:26:54 UTC] id: NULL
[28-Jan-2021 13:26:54 UTC] callback: ''
[28-Jan-2021 13:27:50 UTC] id: NULL
[28-Jan-2021 13:27:50 UTC] callback: ''
[28-Jan-2021 13:28:04 UTC] id: NULL
[28-Jan-2021 13:28:04 UTC] callback: ''
[28-Jan-2021 13:28:14 UTC] id: NULL
[28-Jan-2021 13:28:14 UTC] callback: ''
[28-Jan-2021 13:28:16 UTC] id: '12'
[28-Jan-2021 13:28:16 UTC] callback: ''
[28-Jan-2021 13:31:25 UTC] id: '12'
[28-Jan-2021 13:31:25 UTC] callback: ''
[28-Jan-2021 13:31:29 UTC] id: '12'
[28-Jan-2021 13:31:29 UTC] callback: ''
[28-Jan-2021 13:54:11 UTC] id: '12'
[28-Jan-2021 13:54:11 UTC] callback: ''
[28-Jan-2021 14:01:47 UTC] id: NULL
[28-Jan-2021 14:01:47 UTC] callback: ''
[28-Jan-2021 14:01:48 UTC] id: '12'
[28-Jan-2021 14:01:48 UTC] callback: ''
[28-Jan-2021 14:04:15 UTC] id: NULL
[28-Jan-2021 14:04:15 UTC] callback: ''
[28-Jan-2021 14:04:18 UTC] id: '12'
[28-Jan-2021 14:04:18 UTC] callback: ''
[28-Jan-2021 14:04:43 UTC] id: NULL
[28-Jan-2021 14:04:43 UTC] callback: ''
[28-Jan-2021 14:04:44 UTC] id: '12'
[28-Jan-2021 14:04:44 UTC] callback: ''
[28-Jan-2021 14:05:57 UTC] id: NULL
[28-Jan-2021 14:05:57 UTC] callback: ''
[28-Jan-2021 14:05:58 UTC] id: '12'
[28-Jan-2021 14:05:58 UTC] callback: ''
[29-Jan-2021 05:31:12 UTC] id: NULL
[29-Jan-2021 05:31:12 UTC] callback: ''
[29-Jan-2021 05:35:46 UTC] id: NULL
[29-Jan-2021 05:35:46 UTC] callback: ''
[29-Jan-2021 05:35:50 UTC] id: '12'
[29-Jan-2021 05:35:50 UTC] callback: ''
