[28-Jan-2021 06:55:18 UTC] id: NULL
[28-Jan-2021 06:56:10 UTC] id: NULL
[28-Jan-2021 07:01:03 UTC] id: NULL
[28-Jan-2021 07:06:53 UTC] id: NULL
[28-Jan-2021 07:07:06 UTC] id: NULL
[28-Jan-2021 07:07:11 UTC] id: NULL
[28-Jan-2021 07:07:15 UTC] id: NULL
[28-Jan-2021 07:07:18 UTC] id: NULL
[28-Jan-2021 07:07:28 UTC] id: NULL
[28-Jan-2021 07:07:44 UTC] id: NULL
[28-Jan-2021 07:07:45 UTC] id: NULL
[28-Jan-2021 07:08:01 UTC] id: NULL
[28-Jan-2021 07:08:02 UTC] id: NULL
[28-Jan-2021 07:08:17 UTC] id: NULL
[28-Jan-2021 07:09:10 UTC] id: NULL
[28-Jan-2021 07:09:12 UTC] id: NULL
[28-Jan-2021 07:09:15 UTC] id: NULL
[28-Jan-2021 07:09:19 UTC] id: NULL
[28-Jan-2021 07:09:31 UTC] id: NULL
[28-Jan-2021 07:09:41 UTC] id: NULL
[28-Jan-2021 07:09:44 UTC] id: NULL
[28-Jan-2021 07:09:50 UTC] id: NULL
[28-Jan-2021 07:10:02 UTC] id: NULL
[28-Jan-2021 07:10:03 UTC] id: NULL
[28-Jan-2021 07:10:05 UTC] id: NULL
[28-Jan-2021 07:10:13 UTC] id: NULL
[28-Jan-2021 07:10:39 UTC] id: NULL
[28-Jan-2021 07:11:10 UTC] id: NULL
[28-Jan-2021 07:11:19 UTC] id: NULL
[28-Jan-2021 07:11:37 UTC] id: NULL
[28-Jan-2021 07:12:26 UTC] id: NULL
[28-Jan-2021 07:12:39 UTC] id: NULL
[28-Jan-2021 07:13:05 UTC] id: NULL
[28-Jan-2021 07:13:26 UTC] id: NULL
[28-Jan-2021 07:13:28 UTC] id: NULL
[28-Jan-2021 07:13:32 UTC] id: NULL
[28-Jan-2021 07:13:35 UTC] id: NULL
[28-Jan-2021 07:13:40 UTC] id: NULL
[28-Jan-2021 07:14:00 UTC] id: NULL
[28-Jan-2021 07:14:05 UTC] id: NULL
[28-Jan-2021 07:14:06 UTC] id: NULL
[28-Jan-2021 07:14:08 UTC] id: NULL
[28-Jan-2021 07:14:11 UTC] id: NULL
[28-Jan-2021 07:14:14 UTC] id: NULL
[28-Jan-2021 07:14:16 UTC] id: NULL
[28-Jan-2021 07:14:18 UTC] id: NULL
[28-Jan-2021 07:14:20 UTC] id: NULL
[28-Jan-2021 07:14:27 UTC] id: NULL
[28-Jan-2021 07:14:32 UTC] id: NULL
[28-Jan-2021 07:14:40 UTC] id: NULL
[28-Jan-2021 07:14:47 UTC] id: NULL
[28-Jan-2021 07:14:51 UTC] id: NULL
[28-Jan-2021 07:16:19 UTC] id: NULL
[28-Jan-2021 07:23:16 UTC] id: NULL
[28-Jan-2021 07:23:18 UTC] id: NULL
[28-Jan-2021 07:23:23 UTC] id: NULL
[28-Jan-2021 07:23:24 UTC] id: NULL
[28-Jan-2021 07:24:11 UTC] id: NULL
[28-Jan-2021 07:38:46 UTC] id: NULL
[28-Jan-2021 07:38:58 UTC] id: NULL
[28-Jan-2021 07:39:14 UTC] id: NULL
[28-Jan-2021 07:41:04 UTC] id: NULL
[28-Jan-2021 07:42:07 UTC] id: NULL
[28-Jan-2021 07:42:44 UTC] id: NULL
[28-Jan-2021 07:48:10 UTC] id: NULL
[28-Jan-2021 07:48:13 UTC] id: NULL
[28-Jan-2021 07:48:51 UTC] id: NULL
[28-Jan-2021 07:48:52 UTC] id: NULL
[28-Jan-2021 07:49:14 UTC] id: NULL
[28-Jan-2021 07:49:18 UTC] id: NULL
[28-Jan-2021 07:49:26 UTC] id: NULL
[28-Jan-2021 07:50:18 UTC] id: NULL
[28-Jan-2021 07:50:20 UTC] id: NULL
[28-Jan-2021 07:50:26 UTC] id: NULL
[28-Jan-2021 07:50:39 UTC] id: NULL
[28-Jan-2021 07:50:42 UTC] id: NULL
[28-Jan-2021 07:50:54 UTC] id: NULL
[28-Jan-2021 07:51:01 UTC] id: NULL
[28-Jan-2021 07:51:02 UTC] id: NULL
[28-Jan-2021 07:51:05 UTC] id: NULL
[28-Jan-2021 07:51:16 UTC] id: NULL
[28-Jan-2021 07:53:11 UTC] id: NULL
[28-Jan-2021 07:53:23 UTC] id: NULL
[28-Jan-2021 07:54:15 UTC] id: NULL
[28-Jan-2021 07:54:55 UTC] id: '1'
[28-Jan-2021 07:54:55 UTC] PHP Notice:  Undefined variable: user_id in C:\wamp64\www\vyog\api\posts.php on line 34
[28-Jan-2021 07:54:55 UTC] PHP Stack trace:
[28-Jan-2021 07:54:55 UTC] PHP   1. {main}() C:\wamp64\www\vyog\api\posts.php:0
[28-Jan-2021 07:58:42 UTC] id: '1'
[28-Jan-2021 07:59:32 UTC] id: '1'
[28-Jan-2021 07:59:46 UTC] id: '1'
[28-Jan-2021 08:00:19 UTC] id: '1'
[28-Jan-2021 08:00:22 UTC] id: '1'
[28-Jan-2021 08:00:33 UTC] id: '1'
[28-Jan-2021 08:00:56 UTC] id: '1'
[28-Jan-2021 08:01:15 UTC] id: '1'
[28-Jan-2021 08:02:20 UTC] id: '1'
[28-Jan-2021 08:03:33 UTC] id: '1'
[28-Jan-2021 08:04:13 UTC] id: '1'
[28-Jan-2021 08:04:21 UTC] id: '1'
[28-Jan-2021 08:06:39 UTC] id: NULL
[28-Jan-2021 08:10:14 UTC] id: '3'
[28-Jan-2021 08:10:47 UTC] id: NULL
[28-Jan-2021 08:15:30 UTC] id: '1'
[28-Jan-2021 08:15:33 UTC] id: '1'
[28-Jan-2021 08:15:53 UTC] id: NULL
[28-Jan-2021 08:15:56 UTC] id: NULL
[28-Jan-2021 08:16:04 UTC] id: NULL
[28-Jan-2021 08:16:10 UTC] id: NULL
[28-Jan-2021 08:16:30 UTC] id: '1'
[28-Jan-2021 08:16:36 UTC] id: NULL
[28-Jan-2021 08:16:55 UTC] id: NULL
[28-Jan-2021 08:17:03 UTC] id: '2'
[28-Jan-2021 09:28:07 UTC] id: NULL
[28-Jan-2021 09:28:20 UTC] id: NULL
[28-Jan-2021 09:28:37 UTC] id: NULL
[28-Jan-2021 09:29:31 UTC] id: '2'
[28-Jan-2021 09:29:39 UTC] id: NULL
[28-Jan-2021 09:29:40 UTC] id: NULL
[28-Jan-2021 09:29:54 UTC] id: NULL
[28-Jan-2021 09:34:08 UTC] id: '2'
[28-Jan-2021 09:34:15 UTC] id: NULL
[28-Jan-2021 09:34:40 UTC] id: NULL
[28-Jan-2021 09:35:03 UTC] id: NULL
[28-Jan-2021 09:36:00 UTC] id: NULL
[28-Jan-2021 09:36:04 UTC] id: NULL
[28-Jan-2021 09:41:09 UTC] id: NULL
[28-Jan-2021 09:41:26 UTC] id: NULL
[28-Jan-2021 09:41:31 UTC] id: '2'
[28-Jan-2021 09:41:41 UTC] id: NULL
[28-Jan-2021 09:41:59 UTC] id: '2'
[28-Jan-2021 09:42:07 UTC] id: '2'
[28-Jan-2021 09:42:12 UTC] id: NULL
[28-Jan-2021 09:42:43 UTC] id: '2'
[28-Jan-2021 09:42:46 UTC] id: NULL
[28-Jan-2021 09:42:59 UTC] id: NULL
[28-Jan-2021 09:44:39 UTC] id: NULL
[28-Jan-2021 09:44:45 UTC] id: NULL
[28-Jan-2021 09:44:59 UTC] id: NULL
[28-Jan-2021 09:46:52 UTC] id: NULL
[28-Jan-2021 09:48:08 UTC] id: NULL
[28-Jan-2021 09:48:16 UTC] id: NULL
[28-Jan-2021 09:49:38 UTC] id: '1'
[28-Jan-2021 09:49:51 UTC] id: NULL
[28-Jan-2021 09:50:25 UTC] id: '2'
[28-Jan-2021 09:51:27 UTC] id: NULL
[28-Jan-2021 09:51:35 UTC] id: NULL
[28-Jan-2021 09:51:36 UTC] id: NULL
[28-Jan-2021 09:52:20 UTC] id: '2'
[28-Jan-2021 09:52:24 UTC] id: NULL
[28-Jan-2021 09:52:27 UTC] id: '1'
[28-Jan-2021 09:52:32 UTC] id: '1'
[28-Jan-2021 09:52:42 UTC] id: NULL
[28-Jan-2021 09:52:43 UTC] id: '2'
[28-Jan-2021 09:52:46 UTC] id: NULL
[28-Jan-2021 09:52:46 UTC] id: '2'
[28-Jan-2021 09:52:47 UTC] id: NULL
[28-Jan-2021 09:52:47 UTC] id: '2'
[28-Jan-2021 09:52:48 UTC] id: NULL
[28-Jan-2021 09:52:49 UTC] id: '4'
[28-Jan-2021 09:52:50 UTC] id: NULL
[28-Jan-2021 09:52:51 UTC] id: '6'
[28-Jan-2021 09:53:00 UTC] id: NULL
[28-Jan-2021 09:53:03 UTC] id: '2'
[28-Jan-2021 09:53:29 UTC] id: '2'
[28-Jan-2021 09:57:10 UTC] id: '2'
[28-Jan-2021 09:57:11 UTC] id: '2'
[28-Jan-2021 09:57:13 UTC] id: NULL
[28-Jan-2021 09:57:13 UTC] id: '2'
[28-Jan-2021 09:57:17 UTC] id: NULL
[28-Jan-2021 09:57:18 UTC] id: '6'
[28-Jan-2021 09:57:20 UTC] id: NULL
[28-Jan-2021 09:57:24 UTC] id: NULL
[28-Jan-2021 09:57:32 UTC] id: '2'
[28-Jan-2021 09:59:05 UTC] id: NULL
[28-Jan-2021 11:27:18 UTC] id: '1'
[28-Jan-2021 13:28:08 UTC] id: '12'
[28-Jan-2021 14:04:12 UTC] id: NULL
[29-Jan-2021 05:30:30 UTC] id: NULL
[29-Jan-2021 05:31:08 UTC] id: NULL
[29-Jan-2021 05:31:10 UTC] id: NULL
[29-Jan-2021 05:31:15 UTC] id: NULL
[29-Jan-2021 05:31:23 UTC] id: '12'
[29-Jan-2021 05:31:26 UTC] id: NULL
[29-Jan-2021 05:31:27 UTC] id: '12'
[29-Jan-2021 05:31:28 UTC] id: NULL
[29-Jan-2021 05:31:29 UTC] id: '12'
